<?xml version="1.0" encoding="UTF-8"?>
<!-- Generated by org.testng.reporters.JUnitReportReporter -->
<testsuite hostname="DESKTOP-TF1BFSK" failures="0" tests="2" name="TestScenario.ValidateFlyCartPage" time="143.953" errors="0" timestamp="2 Jul 2021 07:03:59 GMT">
  <testcase classname="TestScenario.ValidateFlyCartPage" name="TC_ValidateEmptyFlyCart" time="79.981"/>
  <testcase classname="TestScenario.ValidateFlyCartPage" name="TC_ValidateFlyCartOpenedWithQSandPDP" time="63.972"/>
</testsuite> <!-- TestScenario.ValidateFlyCartPage -->
