<?xml version="1.0" encoding="UTF-8"?>
<!-- Generated by org.testng.reporters.JUnitReportReporter -->
<testsuite hostname="DESKTOP-TF1BFSK" failures="0" tests="4" name="TestScenario.ValidateSingleCollectionPages" time="276.037" errors="0" timestamp="2 Jul 2021 07:03:59 GMT">
  <testcase classname="TestScenario.ValidateSingleCollectionPages" name="TC_ValidateFiltersAndSortingOnAllWomensPacksInPacksCategory" time="114.536"/>
  <testcase classname="TestScenario.ValidateSingleCollectionPages" name="TC_ValidateColorSwatchOnSecondSkin" time="37.156"/>
  <testcase classname="TestScenario.ValidateSingleCollectionPages" name="TC_ValidateProductImageOnSecondSkinInMenCategory" time="72.395"/>
  <testcase classname="TestScenario.ValidateSingleCollectionPages" name="TC_ValidateProductNameOnCoolCottonInMenCategory" time="51.950"/>
</testsuite> <!-- TestScenario.ValidateSingleCollectionPages -->
