<?xml version="1.0" encoding="UTF-8"?>
<!-- Generated by org.testng.reporters.JUnitReportReporter -->
<testsuite hostname="DESKTOP-TF1BFSK" failures="0" tests="2" name="TestScenario.ValidateSizeGuide" time="106.357" errors="0" timestamp="2 Jul 2021 07:03:59 GMT">
  <testcase classname="TestScenario.ValidateSizeGuide" name="TC_verifyMenUnderwearSizeGuidePage" time="48.200"/>
  <testcase classname="TestScenario.ValidateSizeGuide" name="TC_verifyWomenUnderwearSizeGuidePage" time="58.157"/>
</testsuite> <!-- TestScenario.ValidateSizeGuide -->
