<?xml version="1.0" encoding="UTF-8"?>
<!-- Generated by org.testng.reporters.JUnitReportReporter -->
<testsuite hostname="DESKTOP-TF1BFSK" failures="0" tests="5" name="TestScenario.ValidateCheckoutPage" time="771.266" errors="0" timestamp="2 Jul 2021 07:03:59 GMT">
  <testcase classname="TestScenario.ValidateCheckoutPage" name="ValidatePaymentPageOfCheckout" time="173.486"/>
  <testcase classname="TestScenario.ValidateCheckoutPage" name="ValidateInformationPageOfCheckout" time="137.754"/>
  <testcase classname="TestScenario.ValidateCheckoutPage" name="ValidateGuestCheckoutFlow" time="126.656"/>
  <testcase classname="TestScenario.ValidateCheckoutPage" name="ValidateRegisteredUserCheckoutFlow" time="179.696"/>
  <testcase classname="TestScenario.ValidateCheckoutPage" name="ValidateShippingPageOfCheckout" time="153.674"/>
</testsuite> <!-- TestScenario.ValidateCheckoutPage -->
