<?xml version="1.0" encoding="UTF-8"?>
<!-- Generated by org.testng.reporters.JUnitReportReporter -->
<testsuite hostname="DESKTOP-TF1BFSK" failures="0" tests="2" name="TestScenario.ValidateProductDetailsPage" time="101.794" errors="0" timestamp="2 Jul 2021 07:03:59 GMT">
  <testcase classname="TestScenario.ValidateProductDetailsPage" name="TC_verifyProductDetailsPage" time="57.197"/>
  <testcase classname="TestScenario.ValidateProductDetailsPage" name="TC_VerifyJoinTheWaitlistFunctionality" time="44.597"/>
</testsuite> <!-- TestScenario.ValidateProductDetailsPage -->
