<?xml version="1.0" encoding="UTF-8"?>
<!-- Generated by org.testng.reporters.JUnitReportReporter -->
<testsuite hostname="DESKTOP-TF1BFSK" failures="0" tests="2" name="TestScenario.ValidateMegaCollectionPages" time="116.786" errors="0" timestamp="2 Jul 2021 07:03:59 GMT">
  <testcase classname="TestScenario.ValidateMegaCollectionPages" name="TC_ValidateProductImageOnAllPantiesInWomenCategory" time="87.904"/>
  <testcase classname="TestScenario.ValidateMegaCollectionPages" name="TC_ValidateColorSwatchOnAllUndershirts" time="28.882"/>
</testsuite> <!-- TestScenario.ValidateMegaCollectionPages -->
