<?xml version="1.0" encoding="UTF-8"?>
<!-- Generated by org.testng.reporters.JUnitReportReporter -->
<testsuite hostname="DESKTOP-TF1BFSK" failures="0" tests="2" name="TestScenario.ValidateNavigationFlow" time="57.469" errors="0" timestamp="2 Jul 2021 07:03:59 GMT">
  <testcase classname="TestScenario.ValidateNavigationFlow" name="Validate_Women_Underwear_Cheeky" time="31.366"/>
  <testcase classname="TestScenario.ValidateNavigationFlow" name="Validate_Men_Underwear_BoxerBrief" time="26.103"/>
</testsuite> <!-- TestScenario.ValidateNavigationFlow -->
