<?xml version="1.0" encoding="UTF-8"?>
<!-- Generated by org.testng.reporters.JUnitReportReporter -->
<testsuite hostname="DESKTOP-TF1BFSK" failures="0" tests="2" name="TestScenario.ValidateWriteAReview" time="87.832" errors="0" timestamp="2 Jul 2021 07:03:59 GMT">
  <testcase classname="TestScenario.ValidateWriteAReview" name="TC_verifyWriteAReviewFieldValidation" time="46.043"/>
  <testcase classname="TestScenario.ValidateWriteAReview" name="TC_verifyWriteAReview" time="41.789"/>
</testsuite> <!-- TestScenario.ValidateWriteAReview -->
