<?xml version="1.0" encoding="UTF-8"?>
<!-- Generated by org.testng.reporters.JUnitReportReporter -->
<testsuite hostname="DESKTOP-TF1BFSK" failures="0" tests="3" name="TestScenario.ValidateHomePage" time="449.470" errors="0" timestamp="2 Jul 2021 07:03:59 GMT">
  <testcase classname="TestScenario.ValidateHomePage" name="TC_ValidateSearchFunctionality" time="283.118"/>
  <testcase classname="TestScenario.ValidateHomePage" name="TC_verifyAccountAndCartIconOnHomePage" time="65.781"/>
  <testcase classname="TestScenario.ValidateHomePage" name="TC_verifyAccountdropdownOnHomePage" time="100.571"/>
</testsuite> <!-- TestScenario.ValidateHomePage -->
