<?xml version="1.0" encoding="UTF-8"?>
<!-- Generated by org.testng.reporters.JUnitReportReporter -->
<testsuite hostname="DESKTOP-TF1BFSK" failures="0" tests="1" name="TestScenario.ValidateQuickShop" time="56.206" errors="0" timestamp="2 Jul 2021 07:03:59 GMT">
  <testcase classname="TestScenario.ValidateQuickShop" name="TC_ValidateQuickShopOnCollection" time="56.206"/>
</testsuite> <!-- TestScenario.ValidateQuickShop -->
