<?xml version="1.0" encoding="UTF-8"?>
<!-- Generated by org.testng.reporters.JUnitReportReporter -->
<testsuite hostname="DESKTOP-TF1BFSK" failures="0" tests="2" name="TestScenario.ValidateAccountLoginFunctionality" time="79.937" errors="0" timestamp="2 Jul 2021 07:03:59 GMT">
  <testcase classname="TestScenario.ValidateAccountLoginFunctionality" name="TC_VerifyCreateAccount" time="46.097"/>
  <testcase classname="TestScenario.ValidateAccountLoginFunctionality" name="TC_VerifyAccountLogin" time="33.840"/>
</testsuite> <!-- TestScenario.ValidateAccountLoginFunctionality -->
